[0m13:40:53.297700 [debug] [MainThread]: Sending event: {'category': 'dbt', 'action': 'invocation', 'label': 'start', 'context': [<snowplow_tracker.self_describing_json.SelfDescribingJson object at 0x000002BDB048AED0>, <snowplow_tracker.self_describing_json.SelfDescribingJson object at 0x000002BDB047F3D0>, <snowplow_tracker.self_describing_json.SelfDescribingJson object at 0x000002BDB048B090>]}


============================== 13:40:53.299701 | 21d0259e-37a9-43be-9e8c-679e4e736ec3 ==============================
[0m13:40:53.299701 [info ] [MainThread]: Running with dbt=1.6.4
[0m13:40:53.300701 [debug] [MainThread]: running dbt with arguments {'printer_width': '80', 'indirect_selection': 'eager', 'log_cache_events': 'False', 'write_json': 'True', 'partial_parse': 'True', 'cache_selected_only': 'False', 'profiles_dir': 'C:\\Users\\raguk\\.dbt', 'fail_fast': 'False', 'warn_error': 'None', 'log_path': 'logs', 'version_check': 'True', 'debug': 'False', 'use_colors': 'True', 'use_experimental_parser': 'False', 'no_print': 'None', 'quiet': 'False', 'log_format': 'default', 'invocation_command': 'dbt init medhalytics', 'static_parser': 'True', 'introspect': 'True', 'target_path': 'None', 'warn_error_options': 'WarnErrorOptions(include=[], exclude=[])', 'send_anonymous_usage_stats': 'True'}
[0m13:40:53.301701 [debug] [MainThread]: Starter project path: C:\Users\raguk\AppData\Local\Programs\Python\Python311\Lib\site-packages\dbt\include\starter_project
[0m13:40:53.306720 [info ] [MainThread]: 
Your new dbt project "medhalytics" was created!

For more information on how to configure the profiles.yml file,
please consult the dbt documentation here:

  https://docs.getdbt.com/docs/configure-your-profile

One more thing:

Need help? Don't hesitate to reach out to us via GitHub issues or on Slack:

  https://community.getdbt.com/

Happy modeling!

[0m13:40:53.306720 [info ] [MainThread]: Setting up your profile.
[0m13:40:58.650399 [debug] [MainThread]: Command `dbt init` succeeded at 13:40:58.650399 after 5.37 seconds
[0m13:40:58.651393 [debug] [MainThread]: Sending event: {'category': 'dbt', 'action': 'invocation', 'label': 'end', 'context': [<snowplow_tracker.self_describing_json.SelfDescribingJson object at 0x000002BDB0488C50>, <snowplow_tracker.self_describing_json.SelfDescribingJson object at 0x000002BDA9BABF50>, <snowplow_tracker.self_describing_json.SelfDescribingJson object at 0x000002BDA991F0D0>]}
[0m13:40:58.651393 [debug] [MainThread]: Flushing usage events
[0m13:50:05.518546 [debug] [MainThread]: Sending event: {'category': 'dbt', 'action': 'invocation', 'label': 'start', 'context': [<snowplow_tracker.self_describing_json.SelfDescribingJson object at 0x000001F5B4CE3010>, <snowplow_tracker.self_describing_json.SelfDescribingJson object at 0x000001F5B4B99CD0>, <snowplow_tracker.self_describing_json.SelfDescribingJson object at 0x000001F5B4B99610>]}


============================== 13:50:05.520566 | a183f64f-bf3d-4b39-9c9f-53edd2210f5e ==============================
[0m13:50:05.520566 [info ] [MainThread]: Running with dbt=1.6.4
[0m13:50:05.521548 [debug] [MainThread]: running dbt with arguments {'printer_width': '80', 'indirect_selection': 'eager', 'log_cache_events': 'False', 'write_json': 'True', 'partial_parse': 'True', 'cache_selected_only': 'False', 'warn_error': 'None', 'version_check': 'True', 'debug': 'False', 'log_path': 'logs', 'fail_fast': 'False', 'profiles_dir': 'C:\\Users\\raguk\\.dbt', 'use_colors': 'True', 'use_experimental_parser': 'False', 'no_print': 'None', 'quiet': 'False', 'warn_error_options': 'WarnErrorOptions(include=[], exclude=[])', 'introspect': 'True', 'static_parser': 'True', 'log_format': 'default', 'target_path': 'None', 'invocation_command': 'dbt debug', 'send_anonymous_usage_stats': 'True'}
[0m13:50:05.521548 [info ] [MainThread]: dbt version: 1.6.4
[0m13:50:05.521548 [info ] [MainThread]: python version: 3.11.5
[0m13:50:05.522547 [info ] [MainThread]: python path: C:\Users\raguk\AppData\Local\Programs\Python\Python311\python.exe
[0m13:50:05.522547 [info ] [MainThread]: os info: Windows-10-10.0.22621-SP0
[0m13:50:05.547547 [info ] [MainThread]: Using profiles dir at C:\Users\raguk\.dbt
[0m13:50:05.548547 [info ] [MainThread]: Using profiles.yml file at C:\Users\raguk\.dbt\profiles.yml
[0m13:50:05.548547 [info ] [MainThread]: Using dbt_project.yml file at D:\Medha\DBT\medhalytics\dbt_project.yml
[0m13:50:05.549548 [info ] [MainThread]: adapter type: postgres
[0m13:50:05.549548 [info ] [MainThread]: adapter version: 1.6.4
[0m13:50:05.550551 [info ] [MainThread]: Configuration:
[0m13:50:05.550551 [info ] [MainThread]:   profiles.yml file [[32mOK found and valid[0m]
[0m13:50:05.550551 [info ] [MainThread]:   dbt_project.yml file [[31mERROR not found[0m]
[0m13:50:05.551551 [info ] [MainThread]: Required dependencies:
[0m13:50:05.551551 [debug] [MainThread]: Executing "git --help"
[0m13:50:05.622099 [debug] [MainThread]: STDOUT: "b"usage: git [-v | --version] [-h | --help] [-C <path>] [-c <name>=<value>]\n           [--exec-path[=<path>]] [--html-path] [--man-path] [--info-path]\n           [-p | --paginate | -P | --no-pager] [--no-replace-objects] [--bare]\n           [--git-dir=<path>] [--work-tree=<path>] [--namespace=<name>]\n           [--config-env=<name>=<envvar>] <command> [<args>]\n\nThese are common Git commands used in various situations:\n\nstart a working area (see also: git help tutorial)\n   clone     Clone a repository into a new directory\n   init      Create an empty Git repository or reinitialize an existing one\n\nwork on the current change (see also: git help everyday)\n   add       Add file contents to the index\n   mv        Move or rename a file, a directory, or a symlink\n   restore   Restore working tree files\n   rm        Remove files from the working tree and from the index\n\nexamine the history and state (see also: git help revisions)\n   bisect    Use binary search to find the commit that introduced a bug\n   diff      Show changes between commits, commit and working tree, etc\n   grep      Print lines matching a pattern\n   log       Show commit logs\n   show      Show various types of objects\n   status    Show the working tree status\n\ngrow, mark and tweak your common history\n   branch    List, create, or delete branches\n   commit    Record changes to the repository\n   merge     Join two or more development histories together\n   rebase    Reapply commits on top of another base tip\n   reset     Reset current HEAD to the specified state\n   switch    Switch branches\n   tag       Create, list, delete or verify a tag object signed with GPG\n\ncollaborate (see also: git help workflows)\n   fetch     Download objects and refs from another repository\n   pull      Fetch from and integrate with another repository or a local branch\n   push      Update remote refs along with associated objects\n\n'git help -a' and 'git help -g' list available subcommands and some\nconcept guides. See 'git help <command>' or 'git help <concept>'\nto read about a specific subcommand or concept.\nSee 'git help git' for an overview of the system.\n""
[0m13:50:05.622099 [debug] [MainThread]: STDERR: "b''"
[0m13:50:05.622099 [info ] [MainThread]:  - git [[32mOK found[0m]

[0m13:50:05.623100 [info ] [MainThread]: Connection:
[0m13:50:05.623100 [info ] [MainThread]:   host: localhost
[0m13:50:05.624101 [info ] [MainThread]:   port: 5433
[0m13:50:05.624101 [info ] [MainThread]:   user: postgres
[0m13:50:05.624101 [info ] [MainThread]:   database: postgres
[0m13:50:05.625101 [info ] [MainThread]:   schema: public
[0m13:50:05.625101 [info ] [MainThread]:   connect_timeout: 10
[0m13:50:05.626101 [info ] [MainThread]:   role: None
[0m13:50:05.626101 [info ] [MainThread]:   search_path: None
[0m13:50:05.626101 [info ] [MainThread]:   keepalives_idle: 0
[0m13:50:05.627101 [info ] [MainThread]:   sslmode: None
[0m13:50:05.627101 [info ] [MainThread]:   sslcert: None
[0m13:50:05.628101 [info ] [MainThread]:   sslkey: None
[0m13:50:05.628101 [info ] [MainThread]:   sslrootcert: None
[0m13:50:05.628101 [info ] [MainThread]:   application_name: dbt
[0m13:50:05.629101 [info ] [MainThread]:   retries: 1
[0m13:50:05.629101 [info ] [MainThread]: Registered adapter: postgres=1.6.4
[0m13:50:05.629101 [debug] [MainThread]: Acquiring new postgres connection 'debug'
[0m13:50:05.630099 [debug] [MainThread]: Using postgres connection "debug"
[0m13:50:05.630099 [debug] [MainThread]: On debug: select 1 as id
[0m13:50:05.630099 [debug] [MainThread]: Opening a new connection, currently in state init
[0m13:50:07.622650 [debug] [MainThread]: SQL status: SELECT 1 in 2.0 seconds
[0m13:50:07.623666 [debug] [MainThread]: On debug: Close
[0m13:50:07.623666 [info ] [MainThread]:   Connection test: [[32mOK connection ok[0m]

[0m13:50:07.624648 [info ] [MainThread]: [31m1 check failed:[0m
[0m13:50:07.625646 [info ] [MainThread]: Project loading failed for the following reason:
 project path <D:\Medha\DBT\medhalytics\dbt_project.yml> not found

[0m13:50:07.626646 [debug] [MainThread]: Command `dbt debug` failed at 13:50:07.625646 after 2.13 seconds
[0m13:50:07.626646 [debug] [MainThread]: Connection 'debug' was properly closed.
[0m13:50:07.626646 [debug] [MainThread]: Sending event: {'category': 'dbt', 'action': 'invocation', 'label': 'end', 'context': [<snowplow_tracker.self_describing_json.SelfDescribingJson object at 0x000001F5B4CD8050>, <snowplow_tracker.self_describing_json.SelfDescribingJson object at 0x000001F5B4449110>, <snowplow_tracker.self_describing_json.SelfDescribingJson object at 0x000001F5AE3AF350>]}
[0m13:50:07.626646 [debug] [MainThread]: Flushing usage events
[0m13:50:35.798103 [debug] [MainThread]: Sending event: {'category': 'dbt', 'action': 'invocation', 'label': 'start', 'context': [<snowplow_tracker.self_describing_json.SelfDescribingJson object at 0x000001BC87513650>, <snowplow_tracker.self_describing_json.SelfDescribingJson object at 0x000001BC86D25A50>, <snowplow_tracker.self_describing_json.SelfDescribingJson object at 0x000001BC86D25C10>]}


============================== 13:50:35.800118 | caa8e2c4-df7e-41ef-951e-a69901f06e39 ==============================
[0m13:50:35.800118 [info ] [MainThread]: Running with dbt=1.6.4
[0m13:50:35.801098 [debug] [MainThread]: running dbt with arguments {'printer_width': '80', 'indirect_selection': 'eager', 'write_json': 'True', 'log_cache_events': 'False', 'partial_parse': 'True', 'cache_selected_only': 'False', 'warn_error': 'None', 'debug': 'False', 'fail_fast': 'False', 'log_path': 'D:\\Medha\\DBT\\medhalytics\\logs', 'version_check': 'True', 'profiles_dir': 'C:\\Users\\raguk\\.dbt', 'use_colors': 'True', 'use_experimental_parser': 'False', 'no_print': 'None', 'quiet': 'False', 'log_format': 'default', 'invocation_command': 'dbt debug', 'warn_error_options': 'WarnErrorOptions(include=[], exclude=[])', 'static_parser': 'True', 'target_path': 'None', 'introspect': 'True', 'send_anonymous_usage_stats': 'True'}
[0m13:50:35.801098 [info ] [MainThread]: dbt version: 1.6.4
[0m13:50:35.802101 [info ] [MainThread]: python version: 3.11.5
[0m13:50:35.802101 [info ] [MainThread]: python path: C:\Users\raguk\AppData\Local\Programs\Python\Python311\python.exe
[0m13:50:35.803101 [info ] [MainThread]: os info: Windows-10-10.0.22621-SP0
[0m13:50:35.830119 [info ] [MainThread]: Using profiles dir at C:\Users\raguk\.dbt
[0m13:50:35.831118 [info ] [MainThread]: Using profiles.yml file at C:\Users\raguk\.dbt\profiles.yml
[0m13:50:35.831118 [info ] [MainThread]: Using dbt_project.yml file at D:\Medha\DBT\medhalytics\dbt_project.yml
[0m13:50:35.832118 [info ] [MainThread]: adapter type: postgres
[0m13:50:35.832118 [info ] [MainThread]: adapter version: 1.6.4
[0m13:50:35.842133 [info ] [MainThread]: Configuration:
[0m13:50:35.843156 [info ] [MainThread]:   profiles.yml file [[32mOK found and valid[0m]
[0m13:50:35.844135 [info ] [MainThread]:   dbt_project.yml file [[32mOK found and valid[0m]
[0m13:50:35.845172 [info ] [MainThread]: Required dependencies:
[0m13:50:35.845172 [debug] [MainThread]: Executing "git --help"
[0m13:50:35.914587 [debug] [MainThread]: STDOUT: "b"usage: git [-v | --version] [-h | --help] [-C <path>] [-c <name>=<value>]\n           [--exec-path[=<path>]] [--html-path] [--man-path] [--info-path]\n           [-p | --paginate | -P | --no-pager] [--no-replace-objects] [--bare]\n           [--git-dir=<path>] [--work-tree=<path>] [--namespace=<name>]\n           [--config-env=<name>=<envvar>] <command> [<args>]\n\nThese are common Git commands used in various situations:\n\nstart a working area (see also: git help tutorial)\n   clone     Clone a repository into a new directory\n   init      Create an empty Git repository or reinitialize an existing one\n\nwork on the current change (see also: git help everyday)\n   add       Add file contents to the index\n   mv        Move or rename a file, a directory, or a symlink\n   restore   Restore working tree files\n   rm        Remove files from the working tree and from the index\n\nexamine the history and state (see also: git help revisions)\n   bisect    Use binary search to find the commit that introduced a bug\n   diff      Show changes between commits, commit and working tree, etc\n   grep      Print lines matching a pattern\n   log       Show commit logs\n   show      Show various types of objects\n   status    Show the working tree status\n\ngrow, mark and tweak your common history\n   branch    List, create, or delete branches\n   commit    Record changes to the repository\n   merge     Join two or more development histories together\n   rebase    Reapply commits on top of another base tip\n   reset     Reset current HEAD to the specified state\n   switch    Switch branches\n   tag       Create, list, delete or verify a tag object signed with GPG\n\ncollaborate (see also: git help workflows)\n   fetch     Download objects and refs from another repository\n   pull      Fetch from and integrate with another repository or a local branch\n   push      Update remote refs along with associated objects\n\n'git help -a' and 'git help -g' list available subcommands and some\nconcept guides. See 'git help <command>' or 'git help <concept>'\nto read about a specific subcommand or concept.\nSee 'git help git' for an overview of the system.\n""
[0m13:50:35.915589 [debug] [MainThread]: STDERR: "b''"
[0m13:50:35.915589 [info ] [MainThread]:  - git [[32mOK found[0m]

[0m13:50:35.916587 [info ] [MainThread]: Connection:
[0m13:50:35.917587 [info ] [MainThread]:   host: localhost
[0m13:50:35.918587 [info ] [MainThread]:   port: 5433
[0m13:50:35.919587 [info ] [MainThread]:   user: postgres
[0m13:50:35.919587 [info ] [MainThread]:   database: postgres
[0m13:50:35.919587 [info ] [MainThread]:   schema: public
[0m13:50:35.920587 [info ] [MainThread]:   connect_timeout: 10
[0m13:50:35.920587 [info ] [MainThread]:   role: None
[0m13:50:35.920587 [info ] [MainThread]:   search_path: None
[0m13:50:35.920587 [info ] [MainThread]:   keepalives_idle: 0
[0m13:50:35.921587 [info ] [MainThread]:   sslmode: None
[0m13:50:35.921587 [info ] [MainThread]:   sslcert: None
[0m13:50:35.921587 [info ] [MainThread]:   sslkey: None
[0m13:50:35.921587 [info ] [MainThread]:   sslrootcert: None
[0m13:50:35.922591 [info ] [MainThread]:   application_name: dbt
[0m13:50:35.922591 [info ] [MainThread]:   retries: 1
[0m13:50:35.923588 [info ] [MainThread]: Registered adapter: postgres=1.6.4
[0m13:50:35.924588 [debug] [MainThread]: Acquiring new postgres connection 'debug'
[0m13:50:35.924588 [debug] [MainThread]: Using postgres connection "debug"
[0m13:50:35.924588 [debug] [MainThread]: On debug: select 1 as id
[0m13:50:35.924588 [debug] [MainThread]: Opening a new connection, currently in state init
[0m13:50:36.033079 [debug] [MainThread]: SQL status: SELECT 1 in 0.0 seconds
[0m13:50:36.034079 [debug] [MainThread]: On debug: Close
[0m13:50:36.034079 [info ] [MainThread]:   Connection test: [[32mOK connection ok[0m]

[0m13:50:36.035097 [info ] [MainThread]: [32mAll checks passed![0m
[0m13:50:36.035097 [debug] [MainThread]: Command `dbt debug` succeeded at 13:50:36.035097 after 0.26 seconds
[0m13:50:36.036097 [debug] [MainThread]: Connection 'debug' was properly closed.
[0m13:50:36.036097 [debug] [MainThread]: Sending event: {'category': 'dbt', 'action': 'invocation', 'label': 'end', 'context': [<snowplow_tracker.self_describing_json.SelfDescribingJson object at 0x000001BC8751FED0>, <snowplow_tracker.self_describing_json.SelfDescribingJson object at 0x000001BC80C3C710>, <snowplow_tracker.self_describing_json.SelfDescribingJson object at 0x000001BC86CAA010>]}
[0m13:50:36.036097 [debug] [MainThread]: Flushing usage events
[0m13:51:05.422071 [debug] [MainThread]: Sending event: {'category': 'dbt', 'action': 'invocation', 'label': 'start', 'context': [<snowplow_tracker.self_describing_json.SelfDescribingJson object at 0x000002C4A4663610>, <snowplow_tracker.self_describing_json.SelfDescribingJson object at 0x000002C4A45D4C90>, <snowplow_tracker.self_describing_json.SelfDescribingJson object at 0x000002C4A4663550>]}


============================== 13:51:05.424195 | e57a4467-5378-4cdd-95a4-e48c07519acc ==============================
[0m13:51:05.424195 [info ] [MainThread]: Running with dbt=1.6.4
[0m13:51:05.425142 [debug] [MainThread]: running dbt with arguments {'printer_width': '80', 'indirect_selection': 'eager', 'log_cache_events': 'False', 'write_json': 'True', 'partial_parse': 'True', 'cache_selected_only': 'False', 'profiles_dir': 'C:\\Users\\raguk\\.dbt', 'debug': 'False', 'fail_fast': 'False', 'log_path': 'D:\\Medha\\DBT\\medhalytics\\logs', 'version_check': 'True', 'warn_error': 'None', 'use_colors': 'True', 'use_experimental_parser': 'False', 'no_print': 'None', 'quiet': 'False', 'warn_error_options': 'WarnErrorOptions(include=[], exclude=[])', 'invocation_command': 'dbt run', 'static_parser': 'True', 'log_format': 'default', 'target_path': 'None', 'introspect': 'True', 'send_anonymous_usage_stats': 'True'}
[0m13:51:05.477623 [debug] [MainThread]: Sending event: {'category': 'dbt', 'action': 'project_id', 'label': 'e57a4467-5378-4cdd-95a4-e48c07519acc', 'context': [<snowplow_tracker.self_describing_json.SelfDescribingJson object at 0x000002C4A4744FD0>]}
[0m13:51:05.483205 [debug] [MainThread]: Sending event: {'category': 'dbt', 'action': 'adapter_info', 'label': 'e57a4467-5378-4cdd-95a4-e48c07519acc', 'context': [<snowplow_tracker.self_describing_json.SelfDescribingJson object at 0x000002C4A4661450>]}
[0m13:51:05.484204 [info ] [MainThread]: Registered adapter: postgres=1.6.4
[0m13:51:05.491731 [debug] [MainThread]: checksum: 101ee2d82c95e3494fd0fa8b1240fc576267103efa7ae3ac39f994dd316a97b4, vars: {}, profile: , target: , version: 1.6.4
[0m13:51:05.515832 [debug] [MainThread]: Partial parsing enabled: 0 files deleted, 0 files added, 0 files changed.
[0m13:51:05.515832 [debug] [MainThread]: Partial parsing enabled, no changes found, skipping parsing
[0m13:51:05.516831 [warn ] [MainThread]: [[33mWARNING[0m]: Configuration paths exist in your dbt_project.yml file which do not apply to any resources.
There are 1 unused configuration paths:
- models.medhalytics.example
[0m13:51:05.520356 [debug] [MainThread]: Sending event: {'category': 'dbt', 'action': 'load_project', 'label': 'e57a4467-5378-4cdd-95a4-e48c07519acc', 'context': [<snowplow_tracker.self_describing_json.SelfDescribingJson object at 0x000002C4A47F6650>]}
[0m13:51:05.525367 [debug] [MainThread]: Sending event: {'category': 'dbt', 'action': 'resource_counts', 'label': 'e57a4467-5378-4cdd-95a4-e48c07519acc', 'context': [<snowplow_tracker.self_describing_json.SelfDescribingJson object at 0x000002C4A4789110>]}
[0m13:51:05.525367 [info ] [MainThread]: Found 0 sources, 0 exposures, 0 metrics, 352 macros, 0 groups, 0 semantic models
[0m13:51:05.525367 [debug] [MainThread]: Sending event: {'category': 'dbt', 'action': 'runnable_timing', 'label': 'e57a4467-5378-4cdd-95a4-e48c07519acc', 'context': [<snowplow_tracker.self_describing_json.SelfDescribingJson object at 0x000002C4A043F210>]}
[0m13:51:05.526420 [info ] [MainThread]: 
[0m13:51:05.527451 [warn ] [MainThread]: Nothing to do. Try checking your model configs and model specification args
[0m13:51:05.527451 [debug] [MainThread]: Command end result
[0m13:51:05.534089 [debug] [MainThread]: Command `dbt run` succeeded at 13:51:05.533101 after 0.13 seconds
[0m13:51:05.534089 [debug] [MainThread]: Sending event: {'category': 'dbt', 'action': 'invocation', 'label': 'end', 'context': [<snowplow_tracker.self_describing_json.SelfDescribingJson object at 0x000002C49DD7C5D0>, <snowplow_tracker.self_describing_json.SelfDescribingJson object at 0x000002C49DD7F310>, <snowplow_tracker.self_describing_json.SelfDescribingJson object at 0x000002C49DD7C650>]}
[0m13:51:05.534089 [debug] [MainThread]: Flushing usage events
